17:06:13.11 [Worker-180] INFO  o.a.AndroidAnnotationProcessor:83 - Initialize AndroidAnnotations 3.3.2 with options {phase=BUILD}
17:06:13.12 [Worker-180] INFO  o.a.AndroidAnnotationProcessor:107 - Start processing for 15 annotations on 11 elements
17:06:13.13 [Worker-180] DEBUG o.a.h.AndroidManifestFinder:137 - AndroidManifest.xml file found in parent folder D:\WorkSpace_Eclipse13\AndroidAnnotationsTest: D:\WorkSpace_Eclipse13\AndroidAnnotationsTest\AndroidManifest.xml
17:06:13.14 [Worker-180] INFO  o.a.AndroidAnnotationProcessor:170 - AndroidManifest.xml found: AndroidManifest [applicationPackage=com.example.androidannotationstest, componentQualifiedNames=[com.example.androidannotationstest.MainActivity_, com.example.androidannotationstest.SecActivity_, com.example.androidannotationstest.ParentActy_], permissionQualifiedNames=[], applicationClassName=null, libraryProject=false, debugabble=false, minSdkVersion=14, maxSdkVersion=-1, targetSdkVersion=18]
17:06:13.14 [Worker-180] INFO  o.a.r.ProjectRClassFinder:50 - Found project R class: com.example.androidannotationstest.R
17:06:13.14 [Worker-180] INFO  o.a.r.AndroidRClassFinder:44 - Found Android class: android.R
17:06:13.17 [Worker-180] INFO  o.a.p.ModelValidator:42 - Validating elements
17:06:13.17 [Worker-180] DEBUG o.a.p.ModelValidator:62 - Validating with EActivityHandler: [com.example.androidannotationstest.MainActivity, com.example.androidannotationstest.SecActivity, com.example.androidannotationstest.ParentActy, com.example.androidannotationstest.CopyOfSecActivity]
17:06:13.17 [Worker-180] WARN  o.a.h.AnnotationHelper:128 - The component CopyOfSecActivity_ is not registered in the AndroidManifest.xml file.
17:06:13.18 [Worker-180] DEBUG o.a.p.ModelValidator:62 - Validating with EReceiverHandler: [com.example.androidannotationstest.MyReceiver]
17:06:13.18 [Worker-180] DEBUG o.a.p.ModelValidator:62 - Validating with EBeanHandler: [com.example.androidannotationstest.MyBean]
17:06:13.18 [Worker-180] DEBUG o.a.p.ModelValidator:62 - Validating with ViewByIdHandler: [btn_start_sec, mListView, btn_brocast, btn_test, mListView]
17:06:13.19 [Worker-180] DEBUG o.a.p.ModelValidator:62 - Validating with ClickHandler: [void btnTest(android.view.View) ]
17:06:13.20 [Worker-180] DEBUG o.a.p.ModelValidator:62 - Validating with LongClickHandler: [void longClick() ]
17:06:13.20 [Worker-180] DEBUG o.a.p.ModelValidator:62 - Validating with ItemClickHandler: [void listViewItemClick(int) ]
17:06:13.20 [Worker-180] DEBUG o.a.p.ModelValidator:62 - Validating with ItemLongClickHandler: [void listViewItemLongClick(int) ]
17:06:13.21 [Worker-180] DEBUG o.a.p.ModelValidator:62 - Validating with BeanHandler: [mBean]
17:06:13.21 [Worker-180] DEBUG o.a.p.ModelValidator:62 - Validating with ExtraHandler: [age, name, age, name]
17:06:13.21 [Worker-180] DEBUG o.a.p.ModelValidator:62 - Validating with ReceiverHandler: [protected void onAction() ]
17:06:13.22 [Worker-180] DEBUG o.a.p.ModelValidator:62 - Validating with ReceiverActionHandler: [void receiverAction() , void anotherAction(android.content.Context, java.lang.String, long) , void myAction(java.lang.String, android.content.Context) ]
17:06:13.22 [Worker-180] DEBUG o.a.p.ModelValidator:62 - Validating with ExtraHandler: [valueString, valueString, valueLong]
17:06:13.22 [Worker-180] DEBUG o.a.p.ModelValidator:62 - Validating with AfterInjectHandler: [void doSomethingAfterInjection() ]
17:06:13.23 [Worker-180] DEBUG o.a.p.ModelValidator:62 - Validating with AfterViewsHandler: [void afterViews() , protected void afterViews() , void afterView() ]
17:06:13.23 [Worker-180] INFO  o.a.p.ModelProcessor:74 - Processing root elements
17:06:13.23 [Worker-180] DEBUG o.a.p.ModelProcessor:176 - Processing root elements EActivityHandler: [com.example.androidannotationstest.MainActivity, com.example.androidannotationstest.SecActivity, com.example.androidannotationstest.ParentActy, com.example.androidannotationstest.CopyOfSecActivity]
17:06:13.29 [Worker-180] DEBUG o.a.p.ModelProcessor:176 - Processing root elements EReceiverHandler: [com.example.androidannotationstest.MyReceiver]
17:06:13.29 [Worker-180] DEBUG o.a.p.ModelProcessor:176 - Processing root elements EBeanHandler: [com.example.androidannotationstest.MyBean]
17:06:13.30 [Worker-180] INFO  o.a.p.ModelProcessor:86 - Processing enclosed elements
17:06:13.31 [Worker-180] DEBUG o.a.p.ModelProcessor:98 - Processing enclosed elements with AfterViewsHandler: [org.androidannotations.model.AnnotationElements$AnnotatedAndRootElements@510b2f0d]
17:06:13.31 [Worker-180] INFO  o.a.AndroidAnnotationProcessor:249 - Number of files generated by AndroidAnnotations: 6
17:06:13.31 [Worker-180] INFO  o.a.g.ApiCodeGenerator:52 - Writting following API classes in project: []
17:06:13.32 [Worker-180] DEBUG o.a.g.SourceCodewriter:55 - Generating class: com.example.androidannotationstest.CopyOfSecActivity_
17:06:13.34 [Worker-180] DEBUG o.a.g.SourceCodewriter:55 - Generating class: com.example.androidannotationstest.MainActivity_
17:06:13.36 [Worker-180] DEBUG o.a.g.SourceCodewriter:55 - Generating class: com.example.androidannotationstest.MyBean_
17:06:13.37 [Worker-180] DEBUG o.a.g.SourceCodewriter:55 - Generating class: com.example.androidannotationstest.MyReceiver_
17:06:13.38 [Worker-180] DEBUG o.a.g.SourceCodewriter:55 - Generating class: com.example.androidannotationstest.ParentActy_
17:06:13.39 [Worker-180] DEBUG o.a.g.SourceCodewriter:55 - Generating class: com.example.androidannotationstest.SecActivity_
17:06:13.40 [Worker-180] INFO  o.a.p.TimeStats:81 - Time measurements: [Whole Processing = 28 ms], [Generate Sources = 9 ms], [Process Annotations = 8 ms], [Validate Annotations = 6 ms], [Find R Classes = 3 ms], [Extract Annotations = 1 ms], [Extract Manifest = 1 ms], 
17:06:13.40 [Worker-180] INFO  o.a.AndroidAnnotationProcessor:121 - Finish processing
17:06:15.518 [Worker-182] INFO  o.a.AndroidAnnotationProcessor:83 - Initialize AndroidAnnotations 3.3.2 with options {phase=BUILD}
17:09:12.23 [Worker-175] INFO  o.a.AndroidAnnotationProcessor:83 - Initialize AndroidAnnotations 3.3.2 with options {phase=BUILD}
17:09:12.25 [Worker-175] INFO  o.a.AndroidAnnotationProcessor:107 - Start processing for 6 annotations on 1 elements
17:09:12.25 [Worker-175] DEBUG o.a.h.AndroidManifestFinder:137 - AndroidManifest.xml file found in parent folder D:\WorkSpace_Eclipse13\AndroidAnnotationsTest: D:\WorkSpace_Eclipse13\AndroidAnnotationsTest\AndroidManifest.xml
17:09:12.26 [Worker-175] INFO  o.a.AndroidAnnotationProcessor:170 - AndroidManifest.xml found: AndroidManifest [applicationPackage=com.example.androidannotationstest, componentQualifiedNames=[com.example.androidannotationstest.MainActivity_, com.example.androidannotationstest.SecActivity_, com.example.androidannotationstest.ParentActy_], permissionQualifiedNames=[], applicationClassName=null, libraryProject=false, debugabble=false, minSdkVersion=14, maxSdkVersion=-1, targetSdkVersion=18]
17:09:12.27 [Worker-175] INFO  o.a.r.ProjectRClassFinder:50 - Found project R class: com.example.androidannotationstest.R
17:09:12.27 [Worker-175] INFO  o.a.r.AndroidRClassFinder:44 - Found Android class: android.R
17:09:12.30 [Worker-175] INFO  o.a.p.ModelValidator:42 - Validating elements
17:09:12.31 [Worker-175] DEBUG o.a.p.ModelValidator:62 - Validating with EActivityHandler: [com.example.androidannotationstest.MainActivity]
17:09:12.31 [Worker-175] DEBUG o.a.p.ModelValidator:62 - Validating with ViewByIdHandler: [btn_brocast, btn_start_sec, btn_test]
17:09:12.32 [Worker-175] DEBUG o.a.p.ModelValidator:62 - Validating with ClickHandler: [void btnTest(android.view.View) ]
17:09:12.32 [Worker-175] ERROR o.a.h.AnnotationHelper:128 - Resource id value not found in R.id: 0
17:09:12.33 [Worker-175] WARN  o.a.p.ModelValidator:69 - Element ClickHandler unvalidated by 
17:09:12.33 [Worker-175] DEBUG o.a.p.ModelValidator:62 - Validating with LongClickHandler: [void longClick() ]
17:09:12.33 [Worker-175] DEBUG o.a.p.ModelValidator:62 - Validating with ReceiverHandler: [protected void onAction() ]
17:09:12.34 [Worker-175] DEBUG o.a.p.ModelValidator:62 - Validating with AfterViewsHandler: [void afterView() ]
17:09:12.34 [Worker-175] INFO  o.a.p.ModelProcessor:74 - Processing root elements
17:09:12.34 [Worker-175] DEBUG o.a.p.ModelProcessor:176 - Processing root elements EActivityHandler: [com.example.androidannotationstest.MainActivity]
17:09:12.41 [Worker-175] INFO  o.a.p.ModelProcessor:86 - Processing enclosed elements
17:09:12.42 [Worker-175] INFO  o.a.AndroidAnnotationProcessor:249 - Number of files generated by AndroidAnnotations: 1
17:09:12.42 [Worker-175] INFO  o.a.g.ApiCodeGenerator:52 - Writting following API classes in project: []
17:09:12.43 [Worker-175] DEBUG o.a.g.SourceCodewriter:55 - Generating class: com.example.androidannotationstest.MainActivity_
17:09:12.48 [Worker-175] INFO  o.a.p.TimeStats:81 - Time measurements: [Whole Processing = 23 ms], [Process Annotations = 8 ms], [Generate Sources = 6 ms], [Validate Annotations = 4 ms], [Find R Classes = 3 ms], [Extract Manifest = 1 ms], [Extract Annotations = 0 ms], 
17:09:12.49 [Worker-175] INFO  o.a.AndroidAnnotationProcessor:121 - Finish processing
17:09:17.263 [Worker-175] INFO  o.a.AndroidAnnotationProcessor:83 - Initialize AndroidAnnotations 3.3.2 with options {phase=BUILD}
17:09:17.264 [Worker-175] INFO  o.a.AndroidAnnotationProcessor:107 - Start processing for 6 annotations on 2 elements
17:09:17.264 [Worker-175] DEBUG o.a.h.AndroidManifestFinder:137 - AndroidManifest.xml file found in parent folder D:\WorkSpace_Eclipse13\AndroidAnnotationsTest: D:\WorkSpace_Eclipse13\AndroidAnnotationsTest\AndroidManifest.xml
17:09:17.265 [Worker-175] INFO  o.a.AndroidAnnotationProcessor:170 - AndroidManifest.xml found: AndroidManifest [applicationPackage=com.example.androidannotationstest, componentQualifiedNames=[com.example.androidannotationstest.MainActivity_, com.example.androidannotationstest.SecActivity_, com.example.androidannotationstest.ParentActy_], permissionQualifiedNames=[], applicationClassName=null, libraryProject=false, debugabble=false, minSdkVersion=14, maxSdkVersion=-1, targetSdkVersion=18]
17:09:17.266 [Worker-175] INFO  o.a.r.ProjectRClassFinder:50 - Found project R class: com.example.androidannotationstest.R
17:09:17.266 [Worker-175] INFO  o.a.r.AndroidRClassFinder:44 - Found Android class: android.R
17:09:17.268 [Worker-175] INFO  o.a.p.ModelValidator:42 - Validating elements
17:09:17.269 [Worker-175] DEBUG o.a.p.ModelValidator:62 - Validating with EActivityHandler: [com.example.androidannotationstest.MainActivity]
17:09:17.269 [Worker-175] DEBUG o.a.p.ModelValidator:62 - Validating with ViewByIdHandler: [btn_start_sec, btn_test, btn_brocast]
17:09:17.270 [Worker-175] DEBUG o.a.p.ModelValidator:62 - Validating with ClickHandler: [void btnTest(android.view.View) ]
17:09:17.270 [Worker-175] DEBUG o.a.p.ModelValidator:62 - Validating with LongClickHandler: [void longClick() ]
17:09:17.270 [Worker-175] DEBUG o.a.p.ModelValidator:62 - Validating with ReceiverHandler: [protected void onAction() ]
17:09:17.271 [Worker-175] DEBUG o.a.p.ModelValidator:62 - Validating with AfterViewsHandler: [void afterView() ]
17:09:17.271 [Worker-175] INFO  o.a.p.ModelProcessor:74 - Processing root elements
17:09:17.271 [Worker-175] DEBUG o.a.p.ModelProcessor:176 - Processing root elements EActivityHandler: [com.example.androidannotationstest.MainActivity]
17:09:17.276 [Worker-175] INFO  o.a.p.ModelProcessor:86 - Processing enclosed elements
17:09:17.277 [Worker-175] INFO  o.a.AndroidAnnotationProcessor:249 - Number of files generated by AndroidAnnotations: 1
17:09:17.278 [Worker-175] INFO  o.a.g.ApiCodeGenerator:52 - Writting following API classes in project: []
17:09:17.278 [Worker-175] DEBUG o.a.g.SourceCodewriter:55 - Generating class: com.example.androidannotationstest.MainActivity_
17:09:17.282 [Worker-175] INFO  o.a.p.TimeStats:81 - Time measurements: [Whole Processing = 18 ms], [Process Annotations = 6 ms], [Generate Sources = 5 ms], [Validate Annotations = 3 ms], [Find R Classes = 2 ms], [Extract Manifest = 1 ms], [Extract Annotations = 0 ms], 
17:09:17.283 [Worker-175] INFO  o.a.AndroidAnnotationProcessor:121 - Finish processing
17:10:02.17 [Worker-183] INFO  o.a.AndroidAnnotationProcessor:83 - Initialize AndroidAnnotations 3.3.2 with options {phase=BUILD}
17:10:02.19 [Worker-183] INFO  o.a.AndroidAnnotationProcessor:107 - Start processing for 3 annotations on 1 elements
17:10:02.20 [Worker-183] DEBUG o.a.h.AndroidManifestFinder:137 - AndroidManifest.xml file found in parent folder D:\WorkSpace_Eclipse13\AndroidAnnotationsTest: D:\WorkSpace_Eclipse13\AndroidAnnotationsTest\AndroidManifest.xml
17:10:02.23 [Worker-183] INFO  o.a.AndroidAnnotationProcessor:170 - AndroidManifest.xml found: AndroidManifest [applicationPackage=com.example.androidannotationstest, componentQualifiedNames=[com.example.androidannotationstest.MainActivity_, com.example.androidannotationstest.SecActivity_, com.example.androidannotationstest.ParentActy_], permissionQualifiedNames=[], applicationClassName=null, libraryProject=false, debugabble=false, minSdkVersion=14, maxSdkVersion=-1, targetSdkVersion=18]
17:10:02.24 [Worker-183] INFO  o.a.r.ProjectRClassFinder:50 - Found project R class: com.example.androidannotationstest.R
17:10:02.26 [Worker-183] INFO  o.a.r.AndroidRClassFinder:44 - Found Android class: android.R
17:10:02.34 [Worker-183] INFO  o.a.p.ModelValidator:42 - Validating elements
17:10:02.34 [Worker-183] DEBUG o.a.p.ModelValidator:62 - Validating with EReceiverHandler: [com.example.androidannotationstest.MyReceiver]
17:10:02.35 [Worker-183] DEBUG o.a.p.ModelValidator:62 - Validating with ReceiverActionHandler: [void receiverAction() , void anotherAction(android.content.Context, java.lang.String, long) , void myAction(java.lang.String, android.content.Context) ]
17:10:02.35 [Worker-183] DEBUG o.a.p.ModelValidator:62 - Validating with ExtraHandler: [valueString, valueString, valueLong]
17:10:02.36 [Worker-183] INFO  o.a.p.ModelProcessor:74 - Processing root elements
17:10:02.36 [Worker-183] DEBUG o.a.p.ModelProcessor:176 - Processing root elements EReceiverHandler: [com.example.androidannotationstest.MyReceiver]
17:10:02.36 [Worker-183] INFO  o.a.p.ModelProcessor:86 - Processing enclosed elements
17:10:02.37 [Worker-183] INFO  o.a.AndroidAnnotationProcessor:249 - Number of files generated by AndroidAnnotations: 1
17:10:02.37 [Worker-183] INFO  o.a.g.ApiCodeGenerator:52 - Writting following API classes in project: []
17:10:02.38 [Worker-183] DEBUG o.a.g.SourceCodewriter:55 - Generating class: com.example.androidannotationstest.MyReceiver_
17:10:02.39 [Worker-183] INFO  o.a.p.TimeStats:81 - Time measurements: [Whole Processing = 20 ms], [Find R Classes = 10 ms], [Extract Manifest = 3 ms], [Validate Annotations = 2 ms], [Generate Sources = 2 ms], [Process Annotations = 1 ms], [Extract Annotations = 0 ms], 
17:10:02.39 [Worker-183] INFO  o.a.AndroidAnnotationProcessor:121 - Finish processing
17:12:18.572 [Worker-176] INFO  o.a.AndroidAnnotationProcessor:83 - Initialize AndroidAnnotations 3.3.2 with options {phase=BUILD}
17:12:18.574 [Worker-176] INFO  o.a.AndroidAnnotationProcessor:107 - Start processing for 3 annotations on 1 elements
17:12:18.574 [Worker-176] DEBUG o.a.h.AndroidManifestFinder:137 - AndroidManifest.xml file found in parent folder D:\WorkSpace_Eclipse13\AndroidAnnotationsTest: D:\WorkSpace_Eclipse13\AndroidAnnotationsTest\AndroidManifest.xml
17:12:18.577 [Worker-176] INFO  o.a.AndroidAnnotationProcessor:170 - AndroidManifest.xml found: AndroidManifest [applicationPackage=com.example.androidannotationstest, componentQualifiedNames=[com.example.androidannotationstest.MainActivity_, com.example.androidannotationstest.SecActivity_, com.example.androidannotationstest.ParentActy_], permissionQualifiedNames=[], applicationClassName=null, libraryProject=false, debugabble=false, minSdkVersion=14, maxSdkVersion=-1, targetSdkVersion=18]
17:12:18.578 [Worker-176] INFO  o.a.r.ProjectRClassFinder:50 - Found project R class: com.example.androidannotationstest.R
17:12:18.580 [Worker-176] INFO  o.a.r.AndroidRClassFinder:44 - Found Android class: android.R
17:12:18.585 [Worker-176] INFO  o.a.p.ModelValidator:42 - Validating elements
17:12:18.586 [Worker-176] DEBUG o.a.p.ModelValidator:62 - Validating with EReceiverHandler: [com.example.androidannotationstest.MyReceiver]
17:12:18.587 [Worker-176] DEBUG o.a.p.ModelValidator:62 - Validating with ReceiverActionHandler: [void anotherAction(android.content.Context, java.lang.String, long) , void myAction(java.lang.String, android.content.Context) , void receiverAction() ]
17:12:18.587 [Worker-176] DEBUG o.a.p.ModelValidator:62 - Validating with ExtraHandler: [valueString, valueLong, valueString]
17:12:18.588 [Worker-176] INFO  o.a.p.ModelProcessor:74 - Processing root elements
17:12:18.588 [Worker-176] DEBUG o.a.p.ModelProcessor:176 - Processing root elements EReceiverHandler: [com.example.androidannotationstest.MyReceiver]
17:12:18.589 [Worker-176] INFO  o.a.p.ModelProcessor:86 - Processing enclosed elements
17:12:18.590 [Worker-176] INFO  o.a.AndroidAnnotationProcessor:249 - Number of files generated by AndroidAnnotations: 1
17:12:18.591 [Worker-176] INFO  o.a.g.ApiCodeGenerator:52 - Writting following API classes in project: []
17:12:18.591 [Worker-176] DEBUG o.a.g.SourceCodewriter:55 - Generating class: com.example.androidannotationstest.MyReceiver_
17:12:18.598 [Worker-176] INFO  o.a.p.TimeStats:81 - Time measurements: [Whole Processing = 24 ms], [Generate Sources = 8 ms], [Find R Classes = 7 ms], [Extract Manifest = 3 ms], [Validate Annotations = 3 ms], [Process Annotations = 2 ms], [Extract Annotations = 0 ms], 
17:12:18.599 [Worker-176] INFO  o.a.AndroidAnnotationProcessor:121 - Finish processing
17:13:20.134 [Worker-183] INFO  o.a.AndroidAnnotationProcessor:83 - Initialize AndroidAnnotations 3.3.2 with options {phase=BUILD}
17:13:20.135 [Worker-183] INFO  o.a.AndroidAnnotationProcessor:107 - Start processing for 6 annotations on 1 elements
17:13:20.136 [Worker-183] DEBUG o.a.h.AndroidManifestFinder:137 - AndroidManifest.xml file found in parent folder D:\WorkSpace_Eclipse13\AndroidAnnotationsTest: D:\WorkSpace_Eclipse13\AndroidAnnotationsTest\AndroidManifest.xml
17:13:20.138 [Worker-183] INFO  o.a.AndroidAnnotationProcessor:170 - AndroidManifest.xml found: AndroidManifest [applicationPackage=com.example.androidannotationstest, componentQualifiedNames=[com.example.androidannotationstest.MainActivity_, com.example.androidannotationstest.SecActivity_, com.example.androidannotationstest.ParentActy_], permissionQualifiedNames=[], applicationClassName=null, libraryProject=false, debugabble=false, minSdkVersion=14, maxSdkVersion=-1, targetSdkVersion=18]
17:13:20.138 [Worker-183] INFO  o.a.r.ProjectRClassFinder:50 - Found project R class: com.example.androidannotationstest.R
17:13:20.140 [Worker-183] INFO  o.a.r.AndroidRClassFinder:44 - Found Android class: android.R
17:13:20.145 [Worker-183] INFO  o.a.p.ModelValidator:42 - Validating elements
17:13:20.145 [Worker-183] DEBUG o.a.p.ModelValidator:62 - Validating with EActivityHandler: [com.example.androidannotationstest.MainActivity]
17:13:20.146 [Worker-183] DEBUG o.a.p.ModelValidator:62 - Validating with ViewByIdHandler: [btn_brocast, btn_start_sec, btn_test]
17:13:20.148 [Worker-183] DEBUG o.a.p.ModelValidator:62 - Validating with ClickHandler: [void btnTest(android.view.View) ]
17:13:20.148 [Worker-183] DEBUG o.a.p.ModelValidator:62 - Validating with LongClickHandler: [void longClick() ]
17:13:20.149 [Worker-183] DEBUG o.a.p.ModelValidator:62 - Validating with ReceiverHandler: [protected void onAction() ]
17:13:20.150 [Worker-183] DEBUG o.a.p.ModelValidator:62 - Validating with AfterViewsHandler: [void afterView() ]
17:13:20.151 [Worker-183] INFO  o.a.p.ModelProcessor:74 - Processing root elements
17:13:20.151 [Worker-183] DEBUG o.a.p.ModelProcessor:176 - Processing root elements EActivityHandler: [com.example.androidannotationstest.MainActivity]
17:13:20.158 [Worker-183] INFO  o.a.p.ModelProcessor:86 - Processing enclosed elements
17:13:20.159 [Worker-183] INFO  o.a.AndroidAnnotationProcessor:249 - Number of files generated by AndroidAnnotations: 1
17:13:20.159 [Worker-183] INFO  o.a.g.ApiCodeGenerator:52 - Writting following API classes in project: []
17:13:20.160 [Worker-183] DEBUG o.a.g.SourceCodewriter:55 - Generating class: com.example.androidannotationstest.MainActivity_
17:13:20.165 [Worker-183] INFO  o.a.p.TimeStats:81 - Time measurements: [Whole Processing = 30 ms], [Process Annotations = 8 ms], [Find R Classes = 7 ms], [Validate Annotations = 6 ms], [Generate Sources = 6 ms], [Extract Manifest = 2 ms], [Extract Annotations = 0 ms], 
17:13:20.166 [Worker-183] INFO  o.a.AndroidAnnotationProcessor:121 - Finish processing
17:13:33.34 [Worker-187] INFO  o.a.AndroidAnnotationProcessor:83 - Initialize AndroidAnnotations 3.3.2 with options {phase=BUILD}
17:13:33.35 [Worker-187] INFO  o.a.AndroidAnnotationProcessor:107 - Start processing for 3 annotations on 1 elements
17:13:33.36 [Worker-187] DEBUG o.a.h.AndroidManifestFinder:137 - AndroidManifest.xml file found in parent folder D:\WorkSpace_Eclipse13\AndroidAnnotationsTest: D:\WorkSpace_Eclipse13\AndroidAnnotationsTest\AndroidManifest.xml
17:13:33.39 [Worker-187] INFO  o.a.AndroidAnnotationProcessor:170 - AndroidManifest.xml found: AndroidManifest [applicationPackage=com.example.androidannotationstest, componentQualifiedNames=[com.example.androidannotationstest.MainActivity_, com.example.androidannotationstest.SecActivity_, com.example.androidannotationstest.ParentActy_], permissionQualifiedNames=[], applicationClassName=null, libraryProject=false, debugabble=false, minSdkVersion=14, maxSdkVersion=-1, targetSdkVersion=18]
17:13:33.41 [Worker-187] INFO  o.a.r.ProjectRClassFinder:50 - Found project R class: com.example.androidannotationstest.R
17:13:33.43 [Worker-187] INFO  o.a.r.AndroidRClassFinder:44 - Found Android class: android.R
17:13:33.50 [Worker-187] INFO  o.a.p.ModelValidator:42 - Validating elements
17:13:33.51 [Worker-187] DEBUG o.a.p.ModelValidator:62 - Validating with EReceiverHandler: [com.example.androidannotationstest.MyReceiver]
17:13:33.52 [Worker-187] DEBUG o.a.p.ModelValidator:62 - Validating with ReceiverActionHandler: [void anotherAction(android.content.Context, java.lang.String, long) , void myAction(java.lang.String, android.content.Context) ]
17:13:33.54 [Worker-187] DEBUG o.a.p.ModelValidator:62 - Validating with ExtraHandler: [valueString, valueLong, valueString]
17:13:33.54 [Worker-187] INFO  o.a.p.ModelProcessor:74 - Processing root elements
17:13:33.54 [Worker-187] DEBUG o.a.p.ModelProcessor:176 - Processing root elements EReceiverHandler: [com.example.androidannotationstest.MyReceiver]
17:13:33.55 [Worker-187] INFO  o.a.p.ModelProcessor:86 - Processing enclosed elements
17:13:33.56 [Worker-187] INFO  o.a.AndroidAnnotationProcessor:249 - Number of files generated by AndroidAnnotations: 1
17:13:33.56 [Worker-187] INFO  o.a.g.ApiCodeGenerator:52 - Writting following API classes in project: []
17:13:33.57 [Worker-187] DEBUG o.a.g.SourceCodewriter:55 - Generating class: com.example.androidannotationstest.MyReceiver_
17:13:33.62 [Worker-187] INFO  o.a.p.TimeStats:81 - Time measurements: [Whole Processing = 27 ms], [Find R Classes = 10 ms], [Generate Sources = 6 ms], [Validate Annotations = 4 ms], [Extract Manifest = 3 ms], [Process Annotations = 2 ms], [Extract Annotations = 0 ms], 
17:13:33.62 [Worker-187] INFO  o.a.AndroidAnnotationProcessor:121 - Finish processing
17:13:37.488 [Worker-187] INFO  o.a.AndroidAnnotationProcessor:83 - Initialize AndroidAnnotations 3.3.2 with options {phase=BUILD}
17:13:37.489 [Worker-187] INFO  o.a.AndroidAnnotationProcessor:107 - Start processing for 6 annotations on 1 elements
17:13:37.490 [Worker-187] DEBUG o.a.h.AndroidManifestFinder:137 - AndroidManifest.xml file found in parent folder D:\WorkSpace_Eclipse13\AndroidAnnotationsTest: D:\WorkSpace_Eclipse13\AndroidAnnotationsTest\AndroidManifest.xml
17:13:37.492 [Worker-187] INFO  o.a.AndroidAnnotationProcessor:170 - AndroidManifest.xml found: AndroidManifest [applicationPackage=com.example.androidannotationstest, componentQualifiedNames=[com.example.androidannotationstest.MainActivity_, com.example.androidannotationstest.SecActivity_, com.example.androidannotationstest.ParentActy_], permissionQualifiedNames=[], applicationClassName=null, libraryProject=false, debugabble=false, minSdkVersion=14, maxSdkVersion=-1, targetSdkVersion=18]
17:13:37.493 [Worker-187] INFO  o.a.r.ProjectRClassFinder:50 - Found project R class: com.example.androidannotationstest.R
17:13:37.494 [Worker-187] INFO  o.a.r.AndroidRClassFinder:44 - Found Android class: android.R
17:13:37.497 [Worker-187] INFO  o.a.p.ModelValidator:42 - Validating elements
17:13:37.497 [Worker-187] DEBUG o.a.p.ModelValidator:62 - Validating with EActivityHandler: [com.example.androidannotationstest.MainActivity]
17:13:37.498 [Worker-187] DEBUG o.a.p.ModelValidator:62 - Validating with ViewByIdHandler: [btn_brocast, btn_start_sec, btn_test]
17:13:37.498 [Worker-187] DEBUG o.a.p.ModelValidator:62 - Validating with ClickHandler: [void btnTest(android.view.View) ]
17:13:37.499 [Worker-187] DEBUG o.a.p.ModelValidator:62 - Validating with LongClickHandler: [void longClick() ]
17:13:37.499 [Worker-187] DEBUG o.a.p.ModelValidator:62 - Validating with ReceiverHandler: [protected void onAction() ]
17:13:37.500 [Worker-187] DEBUG o.a.p.ModelValidator:62 - Validating with AfterViewsHandler: [void afterView() ]
17:13:37.500 [Worker-187] INFO  o.a.p.ModelProcessor:74 - Processing root elements
17:13:37.500 [Worker-187] DEBUG o.a.p.ModelProcessor:176 - Processing root elements EActivityHandler: [com.example.androidannotationstest.MainActivity]
17:13:37.506 [Worker-187] INFO  o.a.p.ModelProcessor:86 - Processing enclosed elements
17:13:37.507 [Worker-187] INFO  o.a.AndroidAnnotationProcessor:249 - Number of files generated by AndroidAnnotations: 1
17:13:37.507 [Worker-187] INFO  o.a.g.ApiCodeGenerator:52 - Writting following API classes in project: []
17:13:37.507 [Worker-187] DEBUG o.a.g.SourceCodewriter:55 - Generating class: com.example.androidannotationstest.MainActivity_
17:13:37.512 [Worker-187] INFO  o.a.p.TimeStats:81 - Time measurements: [Whole Processing = 23 ms], [Process Annotations = 7 ms], [Generate Sources = 5 ms], [Find R Classes = 4 ms], [Validate Annotations = 3 ms], [Extract Manifest = 2 ms], [Extract Annotations = 0 ms], 
17:13:37.513 [Worker-187] INFO  o.a.AndroidAnnotationProcessor:121 - Finish processing
17:27:18.699 [Worker-191] INFO  o.a.AndroidAnnotationProcessor:83 - Initialize AndroidAnnotations 3.3.2 with options {phase=BUILD}
17:27:18.701 [Worker-191] INFO  o.a.AndroidAnnotationProcessor:107 - Start processing for 6 annotations on 1 elements
17:27:18.702 [Worker-191] DEBUG o.a.h.AndroidManifestFinder:137 - AndroidManifest.xml file found in parent folder D:\WorkSpace_Eclipse13\AndroidAnnotationsTest: D:\WorkSpace_Eclipse13\AndroidAnnotationsTest\AndroidManifest.xml
17:27:18.704 [Worker-191] INFO  o.a.AndroidAnnotationProcessor:170 - AndroidManifest.xml found: AndroidManifest [applicationPackage=com.example.androidannotationstest, componentQualifiedNames=[com.example.androidannotationstest.MainActivity_, com.example.androidannotationstest.SecActivity_, com.example.androidannotationstest.ParentActy_], permissionQualifiedNames=[], applicationClassName=null, libraryProject=false, debugabble=false, minSdkVersion=14, maxSdkVersion=-1, targetSdkVersion=18]
17:27:18.705 [Worker-191] INFO  o.a.r.ProjectRClassFinder:50 - Found project R class: com.example.androidannotationstest.R
17:27:18.707 [Worker-191] INFO  o.a.r.AndroidRClassFinder:44 - Found Android class: android.R
17:27:18.713 [Worker-191] INFO  o.a.p.ModelValidator:42 - Validating elements
17:27:18.714 [Worker-191] DEBUG o.a.p.ModelValidator:62 - Validating with EActivityHandler: [com.example.androidannotationstest.MainActivity]
17:27:18.715 [Worker-191] DEBUG o.a.p.ModelValidator:62 - Validating with ViewByIdHandler: [btn_test, btn_brocast, btn_start_sec]
17:27:18.716 [Worker-191] DEBUG o.a.p.ModelValidator:62 - Validating with ClickHandler: [void btnTest(android.view.View) ]
17:27:18.716 [Worker-191] DEBUG o.a.p.ModelValidator:62 - Validating with LongClickHandler: [void longClick() ]
17:27:18.717 [Worker-191] DEBUG o.a.p.ModelValidator:62 - Validating with ReceiverHandler: [protected void onAction() ]
17:27:18.718 [Worker-191] DEBUG o.a.p.ModelValidator:62 - Validating with AfterViewsHandler: [void afterView() ]
17:27:18.718 [Worker-191] INFO  o.a.p.ModelProcessor:74 - Processing root elements
17:27:18.718 [Worker-191] DEBUG o.a.p.ModelProcessor:176 - Processing root elements EActivityHandler: [com.example.androidannotationstest.MainActivity]
17:27:18.726 [Worker-191] INFO  o.a.p.ModelProcessor:86 - Processing enclosed elements
17:27:18.727 [Worker-191] INFO  o.a.AndroidAnnotationProcessor:249 - Number of files generated by AndroidAnnotations: 1
17:27:18.728 [Worker-191] INFO  o.a.g.ApiCodeGenerator:52 - Writting following API classes in project: []
17:27:18.728 [Worker-191] DEBUG o.a.g.SourceCodewriter:55 - Generating class: com.example.androidannotationstest.MainActivity_
17:27:18.735 [Worker-191] INFO  o.a.p.TimeStats:81 - Time measurements: [Whole Processing = 34 ms], [Process Annotations = 9 ms], [Find R Classes = 8 ms], [Generate Sources = 8 ms], [Validate Annotations = 5 ms], [Extract Manifest = 3 ms], [Extract Annotations = 0 ms], 
17:27:18.736 [Worker-191] INFO  o.a.AndroidAnnotationProcessor:121 - Finish processing
17:27:22.484 [Worker-192] INFO  o.a.AndroidAnnotationProcessor:83 - Initialize AndroidAnnotations 3.3.2 with options {phase=BUILD}
17:27:22.485 [Worker-192] INFO  o.a.AndroidAnnotationProcessor:107 - Start processing for 6 annotations on 2 elements
17:27:22.486 [Worker-192] DEBUG o.a.h.AndroidManifestFinder:137 - AndroidManifest.xml file found in parent folder D:\WorkSpace_Eclipse13\AndroidAnnotationsTest: D:\WorkSpace_Eclipse13\AndroidAnnotationsTest\AndroidManifest.xml
17:27:22.487 [Worker-192] INFO  o.a.AndroidAnnotationProcessor:170 - AndroidManifest.xml found: AndroidManifest [applicationPackage=com.example.androidannotationstest, componentQualifiedNames=[com.example.androidannotationstest.MainActivity_, com.example.androidannotationstest.SecActivity_, com.example.androidannotationstest.ParentActy_], permissionQualifiedNames=[], applicationClassName=null, libraryProject=false, debugabble=false, minSdkVersion=14, maxSdkVersion=-1, targetSdkVersion=18]
17:27:22.487 [Worker-192] INFO  o.a.r.ProjectRClassFinder:50 - Found project R class: com.example.androidannotationstest.R
17:27:22.487 [Worker-192] INFO  o.a.r.AndroidRClassFinder:44 - Found Android class: android.R
17:27:22.490 [Worker-192] INFO  o.a.p.ModelValidator:42 - Validating elements
17:27:22.490 [Worker-192] DEBUG o.a.p.ModelValidator:62 - Validating with EActivityHandler: [com.example.androidannotationstest.MainActivity]
17:27:22.490 [Worker-192] DEBUG o.a.p.ModelValidator:62 - Validating with ViewByIdHandler: [btn_start_sec, btn_brocast, btn_test]
17:27:22.491 [Worker-192] DEBUG o.a.p.ModelValidator:62 - Validating with ClickHandler: [void btnTest(android.view.View) ]
17:27:22.492 [Worker-192] DEBUG o.a.p.ModelValidator:62 - Validating with LongClickHandler: [void longClick() ]
17:27:22.492 [Worker-192] DEBUG o.a.p.ModelValidator:62 - Validating with ReceiverHandler: [protected void onAction() ]
17:27:22.493 [Worker-192] DEBUG o.a.p.ModelValidator:62 - Validating with AfterViewsHandler: [void afterView() ]
17:27:22.493 [Worker-192] INFO  o.a.p.ModelProcessor:74 - Processing root elements
17:27:22.494 [Worker-192] DEBUG o.a.p.ModelProcessor:176 - Processing root elements EActivityHandler: [com.example.androidannotationstest.MainActivity]
17:27:22.498 [Worker-192] INFO  o.a.p.ModelProcessor:86 - Processing enclosed elements
17:27:22.499 [Worker-192] INFO  o.a.AndroidAnnotationProcessor:249 - Number of files generated by AndroidAnnotations: 1
17:27:22.499 [Worker-192] INFO  o.a.g.ApiCodeGenerator:52 - Writting following API classes in project: []
17:27:22.500 [Worker-192] DEBUG o.a.g.SourceCodewriter:55 - Generating class: com.example.androidannotationstest.MainActivity_
17:27:22.505 [Worker-192] INFO  o.a.p.TimeStats:81 - Time measurements: [Whole Processing = 20 ms], [Process Annotations = 6 ms], [Generate Sources = 6 ms], [Find R Classes = 3 ms], [Validate Annotations = 3 ms], [Extract Annotations = 1 ms], [Extract Manifest = 1 ms], 
17:27:22.505 [Worker-192] INFO  o.a.AndroidAnnotationProcessor:121 - Finish processing
17:27:43.99 [Worker-187] INFO  o.a.AndroidAnnotationProcessor:83 - Initialize AndroidAnnotations 3.3.2 with options {phase=BUILD}
17:27:43.101 [Worker-187] INFO  o.a.AndroidAnnotationProcessor:107 - Start processing for 6 annotations on 1 elements
17:27:43.102 [Worker-187] DEBUG o.a.h.AndroidManifestFinder:137 - AndroidManifest.xml file found in parent folder D:\WorkSpace_Eclipse13\AndroidAnnotationsTest: D:\WorkSpace_Eclipse13\AndroidAnnotationsTest\AndroidManifest.xml
17:27:43.104 [Worker-187] INFO  o.a.AndroidAnnotationProcessor:170 - AndroidManifest.xml found: AndroidManifest [applicationPackage=com.example.androidannotationstest, componentQualifiedNames=[com.example.androidannotationstest.MainActivity_, com.example.androidannotationstest.SecActivity_, com.example.androidannotationstest.ParentActy_], permissionQualifiedNames=[], applicationClassName=null, libraryProject=false, debugabble=false, minSdkVersion=14, maxSdkVersion=-1, targetSdkVersion=18]
17:27:43.105 [Worker-187] INFO  o.a.r.ProjectRClassFinder:50 - Found project R class: com.example.androidannotationstest.R
17:27:43.107 [Worker-187] INFO  o.a.r.AndroidRClassFinder:44 - Found Android class: android.R
17:27:43.113 [Worker-187] INFO  o.a.p.ModelValidator:42 - Validating elements
17:27:43.113 [Worker-187] DEBUG o.a.p.ModelValidator:62 - Validating with EActivityHandler: [com.example.androidannotationstest.MainActivity]
17:27:43.114 [Worker-187] DEBUG o.a.p.ModelValidator:62 - Validating with ViewByIdHandler: [btn_test, btn_start_sec, btn_brocast]
17:27:43.116 [Worker-187] DEBUG o.a.p.ModelValidator:62 - Validating with ClickHandler: [void btnTest(android.view.View) ]
17:27:43.117 [Worker-187] DEBUG o.a.p.ModelValidator:62 - Validating with LongClickHandler: [void longClick() ]
17:27:43.118 [Worker-187] DEBUG o.a.p.ModelValidator:62 - Validating with ReceiverHandler: [protected void onAction() ]
17:27:43.119 [Worker-187] DEBUG o.a.p.ModelValidator:62 - Validating with AfterViewsHandler: [void afterView() ]
17:27:43.120 [Worker-187] INFO  o.a.p.ModelProcessor:74 - Processing root elements
17:27:43.121 [Worker-187] DEBUG o.a.p.ModelProcessor:176 - Processing root elements EActivityHandler: [com.example.androidannotationstest.MainActivity]
17:27:43.134 [Worker-187] INFO  o.a.p.ModelProcessor:86 - Processing enclosed elements
17:27:43.136 [Worker-187] INFO  o.a.AndroidAnnotationProcessor:249 - Number of files generated by AndroidAnnotations: 1
17:27:43.136 [Worker-187] INFO  o.a.g.ApiCodeGenerator:52 - Writting following API classes in project: []
17:27:43.136 [Worker-187] DEBUG o.a.g.SourceCodewriter:55 - Generating class: com.example.androidannotationstest.MainActivity_
17:27:43.143 [Worker-187] INFO  o.a.p.TimeStats:81 - Time measurements: [Whole Processing = 42 ms], [Process Annotations = 16 ms], [Find R Classes = 8 ms], [Validate Annotations = 7 ms], [Generate Sources = 7 ms], [Extract Manifest = 2 ms], [Extract Annotations = 0 ms], 
17:27:43.144 [Worker-187] INFO  o.a.AndroidAnnotationProcessor:121 - Finish processing
